<?xml version='1.0' encoding='UTF-8'?>
<testsuite hostname="Dhirendras-MacBook-Pro.local" name="parser.CsvParserSpec" tests="1" errors="0" failures="0" skipped="0" time="0.134" timestamp="2022-07-22T15:54:13">
          <properties>
      <property name="awt.toolkit" value="sun.lwawt.macosx.LWCToolkit"/><property name="java.specification.version" value="11"/><property name="sun.cpu.isalist" value=""/><property name="sun.jnu.encoding" value="UTF-8"/><property name="sun.arch.data.model" value="64"/><property name="java.vendor.url" value="https://www.graalvm.org/"/><property name="sun.boot.library.path" value="/Users/dhirendrakashyap/.sdkman/candidates/java/20.3.6.r11-grl/lib"/><property name="sun.java.command" value="/Users/dhirendrakashyap/.sdkman/candidates/sbt/1.6.2/bin/sbt-launch.jar clean compile test"/><property name="jdk.debug" value="release"/><property name="java.specification.vendor" value="Oracle Corporation"/><property name="java.version.date" value="2022-04-19"/><property name="java.home" value="/Users/dhirendrakashyap/.sdkman/candidates/java/20.3.6.r11-grl"/><property name="file.separator" value="/"/><property name="java.vm.compressedOopsMode" value="Zero based"/><property name="line.separator" value="
"/><property name="java.specification.name" value="Java Platform API Specification"/><property name="java.vm.specification.vendor" value="Oracle Corporation"/><property name="sun.management.compiler" value="HotSpot 64-Bit Tiered Compilers"/><property name="java.runtime.version" value="11.0.15+10-jvmci-20.3-b33"/><property name="user.name" value="dhirendrakashyap"/><property name="log4j.ignoreTCL" value="true"/><property name="file.encoding" value="UTF-8"/><property name="jnidispatch.path" value="/Users/dhirendrakashyap/Library/Caches/JNA/temp/jna981400965276122020.tmp"/><property name="java.vendor.version" value="GraalVM CE 20.3.6"/><property name="jna.loaded" value="true"/><property name="java.io.tmpdir" value="/var/folders/20/4kcs3msj6yg04qvdvf_9yd0h0000gn/T/"/><property name="java.version" value="11.0.15"/><property name="java.vm.specification.name" value="Java Virtual Machine Specification"/><property name="java.awt.printerjob" value="sun.lwawt.macosx.CPrinterJob"/><property name="sun.os.patch.level" value="unknown"/><property name="java.library.path" value="/Users/dhirendrakashyap/Library/Java/Extensions:/Library/Java/Extensions:/Network/Library/Java/Extensions:/System/Library/Java/Extensions:/usr/lib/java:."/><property name="java.vendor" value="GraalVM Community"/><property name="scala.ext.dirs" value="/Users/dhirendrakashyap/.sbt/1.0/java9-rt-ext-graalvm_community_11_0_15"/><property name="sun.io.unicode.encoding" value="UnicodeBig"/><property name="socksNonProxyHosts" value="local|*.local|169.254/16|*.169.254/16"/><property name="gopherProxySet" value="false"/><property name="java.class.path" value="/Users/dhirendrakashyap/.sdkman/candidates/sbt/1.6.2/bin/sbt-launch.jar"/><property name="java.vm.vendor" value="GraalVM Community"/><property name="jline.shutdownhook" value="false"/><property name="user.timezone" value="Asia/Kolkata"/><property name="os.name" value="Mac OS X"/><property name="java.vm.specification.version" value="11"/><property name="sun.java.launcher" value="SUN_STANDARD"/><property name="user.country" value="IN"/><property name="http.nonProxyHosts" value="local|*.local|169.254/16|*.169.254/16"/><property name="sun.cpu.endian" value="little"/><property name="user.home" value="/Users/dhirendrakashyap"/><property name="user.language" value="en"/><property name="sbt.script" value="/Users/dhirendrakashyap/.sdkman/candidates/sbt/current/bin/sbt"/><property name="sbt.ipcsocket.tmpdir" value="/var/folders/20/4kcs3msj6yg04qvdvf_9yd0h0000gn/T/.sbt/ipcsocket"/><property name="swoval.tmpdir" value="/var/folders/20/4kcs3msj6yg04qvdvf_9yd0h0000gn/T/.sbt/swoval"/><property name="jdk.internal.vm.ci.enabled" value="true"/><property name="java.awt.graphicsenv" value="sun.awt.CGraphicsEnvironment"/><property name="jline.esc.timeout" value="0"/><property name="ftp.nonProxyHosts" value="local|*.local|169.254/16|*.169.254/16"/><property name="path.separator" value=":"/><property name="os.version" value="12.5"/><property name="jna.nosys" value="true"/><property name="java.runtime.name" value="OpenJDK Runtime Environment"/><property name="java.vm.name" value="OpenJDK 64-Bit Server VM"/><property name="jna.platform.library.path" value="/usr/lib:/usr/lib"/><property name="java.vendor.url.bug" value="https://github.com/oracle/graal/issues"/><property name="user.dir" value="/Users/dhirendrakashyap/Desktop/scala_humidity_sensor"/><property name="os.arch" value="x86_64"/><property name="java.vm.info" value="mixed mode, sharing"/><property name="java.vm.version" value="11.0.15+10-jvmci-20.3-b33"/><property name="java.class.version" value="55.0"/>
    </properties>
          <testcase classname="parser.CsvParserSpec" name="CsvParser should Parse The Csv file successfully" time="0.134">
                      
                    </testcase>
          <system-out><![CDATA[]]></system-out>
          <system-err><![CDATA[]]></system-err>
        </testsuite>